TN:
SF:core\config.js
FN:1,Config
FNF:1
FNH:1
FNDA:21,Config
DA:2,21
DA:15,1
DA:16,1
LF:3
LH:3
BRDA:15,0,0,1
BRDA:15,0,1,0
BRDA:15,1,0,1
BRDA:15,1,1,1
BRF:4
BRH:3
end_of_record
TN:
SF:core\dom.js
FN:1,Dom
FN:3,(anonymous_1)
FN:6,(anonymous_2)
FN:12,(anonymous_3)
FNF:4
FNH:0
FNDA:0,Dom
FNDA:0,(anonymous_1)
FNDA:0,(anonymous_2)
FNDA:0,(anonymous_3)
DA:2,0
DA:4,0
DA:10,0
DA:13,0
DA:14,0
DA:19,1
DA:20,1
LF:7
LH:2
BRDA:10,0,0,0
BRDA:10,0,1,0
BRDA:14,1,0,0
BRDA:14,1,1,0
BRDA:19,2,0,1
BRDA:19,2,1,0
BRDA:19,3,0,1
BRDA:19,3,1,1
BRF:8
BRH:3
end_of_record
TN:
SF:core\log.js
FN:1,Log
FN:3,(anonymous_1)
FN:4,(anonymous_2)
FN:5,(anonymous_3)
FNF:4
FNH:0
FNDA:0,Log
FNDA:0,(anonymous_1)
FNDA:0,(anonymous_2)
FNDA:0,(anonymous_3)
DA:2,0
DA:3,0
DA:4,0
DA:5,0
LF:4
LH:0
BRF:0
BRH:0
end_of_record
TN:
SF:core\selectors.js
FN:1,Selectors
FNF:1
FNH:0
FNDA:0,Selectors
DA:2,0
LF:1
LH:0
BRF:0
BRH:0
end_of_record
TN:
SF:slice\extract.js
FN:1,Extract
FN:5,(anonymous_1)
FN:9,(anonymous_2)
FN:10,(anonymous_3)
FN:12,(anonymous_4)
FN:17,(anonymous_5)
FN:22,(anonymous_6)
FNF:7
FNH:0
FNDA:0,Extract
FNDA:0,(anonymous_1)
FNDA:0,(anonymous_2)
FNDA:0,(anonymous_3)
FNDA:0,(anonymous_4)
FNDA:0,(anonymous_5)
FNDA:0,(anonymous_6)
DA:2,0
DA:4,0
DA:6,0
DA:10,0
DA:11,0
DA:12,0
DA:13,0
DA:16,0
DA:17,0
DA:23,0
DA:25,0
LF:11
LH:0
BRDA:23,0,0,0
BRDA:23,0,1,0
BRDA:26,1,0,0
BRDA:26,1,1,0
BRDA:27,2,0,0
BRDA:27,2,1,0
BRDA:28,3,0,0
BRDA:28,3,1,0
BRF:8
BRH:0
end_of_record
TN:
SF:slice\save.js
FN:1,Save
FN:4,(anonymous_1)
FN:12,(anonymous_2)
FN:15,(anonymous_3)
FNF:4
FNH:4
FNDA:1,Save
FNDA:1,(anonymous_1)
FNDA:1,(anonymous_2)
FNDA:1,(anonymous_3)
DA:2,1
DA:5,1
DA:6,1
DA:7,1
DA:8,1
DA:9,1
DA:10,1
DA:11,1
DA:12,1
DA:13,1
DA:14,1
DA:15,1
DA:16,1
DA:17,1
DA:18,1
DA:20,1
DA:21,1
DA:22,1
DA:23,1
DA:27,1
DA:28,1
DA:29,1
DA:30,1
DA:31,1
DA:32,1
DA:33,1
DA:36,0
DA:40,0
DA:41,0
DA:42,0
DA:43,0
DA:48,1
DA:49,1
LF:33
LH:28
BRDA:8,0,0,1
BRDA:8,0,1,0
BRDA:14,1,0,1
BRDA:14,1,1,0
BRDA:14,2,0,1
BRDA:14,2,1,1
BRDA:37,3,0,0
BRDA:37,3,1,0
BRDA:38,4,0,0
BRDA:38,4,1,0
BRDA:48,5,0,1
BRDA:48,5,1,0
BRDA:48,6,0,1
BRDA:48,6,1,1
BRF:14
BRH:7
end_of_record
TN:
SF:slice\scroll.js
FN:1,Scroll
FN:13,(anonymous_1)
FN:38,(anonymous_2)
FN:52,(anonymous_3)
FN:62,(anonymous_4)
FN:85,(anonymous_5)
FN:114,(anonymous_6)
FN:170,(anonymous_7)
FN:182,(anonymous_8)
FNF:9
FNH:9
FNDA:10,Scroll
FNDA:10,(anonymous_1)
FNDA:62,(anonymous_2)
FNDA:61,(anonymous_3)
FNDA:23,(anonymous_4)
FNDA:1,(anonymous_5)
FNDA:51,(anonymous_6)
FNDA:9,(anonymous_7)
FNDA:2,(anonymous_8)
DA:2,10
DA:3,10
DA:4,10
DA:7,10
DA:8,10
DA:9,10
DA:10,10
DA:12,10
DA:14,10
DA:15,10
DA:16,10
DA:17,0
DA:18,0
DA:23,10
DA:24,10
DA:25,1
DA:27,10
DA:28,1
DA:29,1
DA:34,10
DA:35,10
DA:36,10
DA:38,10
DA:39,62
DA:40,62
DA:41,2596
DA:42,2596
DA:43,2044
DA:44,2044
DA:48,10
DA:49,10
DA:52,10
DA:53,61
DA:54,61
DA:56,10
DA:57,10
DA:59,10
DA:62,10
DA:63,23
DA:64,23
DA:65,23
DA:66,23
DA:67,18
DA:68,0
DA:69,0
DA:70,18
DA:72,18
DA:73,18
DA:76,23
DA:80,10
DA:83,10
DA:84,10
DA:85,1
DA:86,1
DA:91,1
DA:92,1
DA:93,1
DA:94,1
DA:95,1
DA:96,1
DA:97,1
DA:98,1
DA:101,1
DA:103,1
DA:104,1
DA:105,1
DA:108,1
DA:112,10
DA:113,10
DA:114,10
DA:115,51
DA:119,51
DA:120,46
DA:122,5
DA:125,51
DA:127,3
DA:130,48
DA:131,9
DA:134,51
DA:137,51
DA:138,51
DA:139,51
DA:140,51
DA:141,51
DA:142,51
DA:143,12
DA:144,12
DA:145,12
DA:146,12
DA:147,12
DA:148,6
DA:150,12
DA:153,39
DA:155,0
DA:157,39
DA:158,27
DA:160,12
DA:163,51
DA:164,3
DA:165,3
DA:171,9
DA:172,9
DA:173,9
DA:174,0
DA:175,0
DA:177,9
DA:178,9
DA:179,9
DA:184,2
DA:189,1
DA:190,1
LF:111
LH:104
BRDA:16,0,0,0
BRDA:16,0,1,10
BRDA:24,1,0,11
BRDA:24,1,1,11
BRDA:27,2,0,1
BRDA:27,2,1,9
BRDA:27,3,0,10
BRDA:27,3,1,10
BRDA:41,4,0,2596
BRDA:41,4,1,2596
BRDA:41,4,2,2596
BRDA:42,5,0,2044
BRDA:42,5,1,552
BRDA:42,6,0,2596
BRDA:42,6,1,2596
BRDA:54,7,0,34
BRDA:54,7,1,27
BRDA:54,8,0,34
BRDA:54,8,1,0
BRDA:66,9,0,18
BRDA:66,9,1,5
BRDA:67,10,0,0
BRDA:67,10,1,18
BRDA:69,11,0,0
BRDA:69,11,1,0
BRDA:69,12,0,0
BRDA:69,12,1,0
BRDA:70,13,0,18
BRDA:70,13,1,0
BRDA:72,14,0,18
BRDA:72,14,1,0
BRDA:73,15,0,18
BRDA:73,15,1,0
BRDA:84,16,0,1
BRDA:84,16,1,9
BRDA:86,17,0,1
BRDA:86,17,1,0
BRDA:93,18,0,1
BRDA:93,18,1,0
BRDA:97,19,0,1
BRDA:97,19,1,0
BRDA:119,20,0,46
BRDA:119,20,1,5
BRDA:119,21,0,51
BRDA:119,21,1,5
BRDA:125,22,0,3
BRDA:125,22,1,48
BRDA:130,23,0,9
BRDA:130,23,1,39
BRDA:140,24,0,51
BRDA:140,24,1,29
BRDA:142,25,0,12
BRDA:142,25,1,39
BRDA:142,26,0,51
BRDA:142,26,1,39
BRDA:144,27,0,12
BRDA:144,27,1,0
BRDA:147,28,0,6
BRDA:147,28,1,6
BRDA:153,29,0,0
BRDA:153,29,1,39
BRDA:157,30,0,27
BRDA:157,30,1,12
BRDA:157,31,0,39
BRDA:157,31,1,36
BRDA:163,32,0,3
BRDA:163,32,1,48
BRDA:163,33,0,51
BRDA:163,33,1,9
BRDA:173,34,0,0
BRDA:173,34,1,9
BRDA:178,35,0,3
BRDA:178,35,1,6
BRDA:189,36,0,1
BRDA:189,36,1,0
BRDA:189,37,0,1
BRDA:189,37,1,1
BRF:77
BRH:60
end_of_record
TN:
SF:slice\ui.js
FN:1,UI
FN:3,(anonymous_1)
FN:15,(anonymous_2)
FN:20,(anonymous_3)
FN:38,(anonymous_4)
FN:62,(anonymous_5)
FN:66,(anonymous_6)
FN:110,(anonymous_7)
FN:127,(anonymous_8)
FN:131,(anonymous_9)
FN:135,(anonymous_10)
FN:141,(anonymous_11)
FN:145,(anonymous_12)
FN:153,(anonymous_13)
FN:156,(anonymous_14)
FNF:15
FNH:9
FNDA:4,UI
FNDA:3,(anonymous_1)
FNDA:4,(anonymous_2)
FNDA:5,(anonymous_3)
FNDA:3,(anonymous_4)
FNDA:7,(anonymous_5)
FNDA:3,(anonymous_6)
FNDA:0,(anonymous_7)
FNDA:0,(anonymous_8)
FNDA:0,(anonymous_9)
FNDA:2,(anonymous_10)
FNDA:3,(anonymous_11)
FNDA:0,(anonymous_12)
FNDA:0,(anonymous_13)
FNDA:0,(anonymous_14)
DA:2,4
DA:6,3
DA:7,3
DA:8,3
DA:9,3
DA:10,3
DA:13,3
DA:14,3
DA:15,3
DA:16,4
DA:17,4
DA:20,3
DA:21,5
DA:22,5
DA:23,5
DA:25,5
DA:26,5
DA:28,2
DA:29,2
DA:31,3
DA:32,3
DA:35,3
DA:39,3
DA:40,3
DA:41,3
DA:54,3
DA:56,3
DA:57,3
DA:58,3
DA:59,3
DA:63,7
DA:64,7
DA:67,3
DA:105,3
DA:106,3
DA:107,3
DA:111,0
DA:112,0
DA:113,0
DA:114,0
DA:115,0
DA:118,0
DA:119,0
DA:120,0
DA:121,0
DA:122,0
DA:124,0
DA:125,0
DA:128,0
DA:129,0
DA:132,0
DA:133,0
DA:136,2
DA:137,2
DA:138,2
DA:142,3
DA:143,3
DA:144,3
DA:145,3
DA:146,0
DA:149,0
DA:150,0
DA:151,0
DA:153,3
DA:154,0
DA:156,3
DA:157,0
DA:158,0
DA:159,0
DA:160,0
DA:168,1
DA:169,1
LF:72
LH:47
BRDA:22,0,0,5
BRDA:22,0,1,0
BRDA:26,1,0,2
BRDA:26,1,1,3
BRDA:26,2,0,5
BRDA:26,2,1,3
BRDA:112,3,0,0
BRDA:112,3,1,0
BRDA:129,4,0,0
BRDA:129,4,1,0
BRDA:137,5,0,2
BRDA:137,5,1,0
BRDA:158,6,0,0
BRDA:158,6,1,0
BRDA:168,7,0,1
BRDA:168,7,1,0
BRDA:168,8,0,1
BRDA:168,8,1,1
BRF:18
BRH:9
end_of_record
